DeviceAddModule/build/intermediates/manifest_merge_blame_file/debug/manifest-merger-blame-debug-report.txt
1<?xml version="1.0" encoding="utf-8"?>
2<manifest xmlns:android="http://schemas.android.com/apk/res/android"
3    xmlns:tools="http://schemas.android.com/tools"
4    package="com.mm.android.deviceaddmodule" >
5
6    <uses-sdk
7        android:minSdkVersion="21"
7-->src\main\AndroidManifest.xml
8        android:targetSdkVersion="29" />
8-->src\main\AndroidManifest.xml
9    <!-- Required  一些系统要求的权限，如访问网络等 -->
10    <uses-permission android:name="android.permission.INTERNET" /> <!-- 网络访问 -->
10-->src\main\AndroidManifest.xml:6:5-67
10-->src\main\AndroidManifest.xml:6:22-64
11    <uses-permission android:name="android.permission.WRITE_EXTERNAL_STORAGE" /> <!-- 允许程序写入外部存储,如SD卡上写文件，抓图、录制等 -->
11-->src\main\AndroidManifest.xml:7:5-81
11-->src\main\AndroidManifest.xml:7:22-78
12    <uses-permission android:name="android.permission.READ_EXTERNAL_STORAGE" /> <!-- 程序可以读取设备外部存储空间(内置SDcard和外置SDCard)的文件，我的文件等 -->
12-->src\main\AndroidManifest.xml:8:5-80
12-->src\main\AndroidManifest.xml:8:22-77
13    <uses-permission android:name="android.permission.USE_CREDENTIALS" /> <!-- 允许程序请求验证从AccountManager？？？ -->
13-->src\main\AndroidManifest.xml:9:5-74
13-->src\main\AndroidManifest.xml:9:22-71
14    <uses-permission android:name="android.permission.CHANGE_WIFI_MULTICAST_STATE" /> <!-- 允许改变WiFi多播状态？？？ -->
14-->src\main\AndroidManifest.xml:10:5-86
14-->src\main\AndroidManifest.xml:10:22-83
15    <uses-permission android:name="android.permission.SYSTEM_ALERT_WINDOW" /> <!-- 允许程序显示系统窗口，应该已经不适用了？？？ -->
15-->src\main\AndroidManifest.xml:11:5-78
15-->src\main\AndroidManifest.xml:11:22-75
16    <uses-permission android:name="android.permission.RECORD_AUDIO" /> <!-- 允许程序录制声音通过手机或耳机的麦克，对讲、自定义报警音等 -->
16-->src\main\AndroidManifest.xml:12:5-71
16-->src\main\AndroidManifest.xml:12:22-68
17    <uses-permission android:name="android.permission.CAMERA" /> <!-- 允许程序访问摄像头进行拍照，二维码扫描补光、拍照上传图片等 -->
17-->src\main\AndroidManifest.xml:13:5-65
17-->src\main\AndroidManifest.xml:13:22-62
18    <uses-permission android:name="android.permission.FLASHLIGHT" /> <!-- 允许访问闪光灯，二维码扫描补光 -->
18-->src\main\AndroidManifest.xml:14:5-69
18-->src\main\AndroidManifest.xml:14:22-66
19    <uses-permission android:name="android.permission.MODIFY_AUDIO_SETTINGS" /> <!-- 允许程序修改声音设置信息，声波配对，自动调大音量。需求变更之后应该不需要了？？？ -->
19-->src\main\AndroidManifest.xml:15:5-80
19-->src\main\AndroidManifest.xml:15:22-77
20    <uses-permission android:name="android.permission.ACCESS_WIFI_STATE" /> <!-- 允许程序获取当前WiFi接入的状态以及WLAN热点的信息，设备添加何种配网流程使用 -->
20-->src\main\AndroidManifest.xml:16:5-76
20-->src\main\AndroidManifest.xml:16:22-73
21    <uses-permission android:name="android.permission.CHANGE_WIFI_STATE" /> <!-- 允许程序改变WiFi状态，配网等 -->
21-->src\main\AndroidManifest.xml:17:5-76
21-->src\main\AndroidManifest.xml:17:22-73
22    <uses-feature android:name="android.hardware.camera" />
22-->src\main\AndroidManifest.xml:18:5-60
22-->src\main\AndroidManifest.xml:18:19-57
23    <uses-feature android:name="android.hardware.camera.autofocus" />
23-->src\main\AndroidManifest.xml:19:5-70
23-->src\main\AndroidManifest.xml:19:19-67
24    <!-- 硬件加速对X5视频播放非常重要，建议开启 -->
25    <uses-permission android:name="android.permission.READ_SETTINGS" /> <!-- 允许程序读取系统设置，声波配对获取当前系统音量等 -->
25-->src\main\AndroidManifest.xml:21:5-72
25-->src\main\AndroidManifest.xml:21:22-69
26    <!-- Optional for location -->
27    <uses-permission android:name="android.permission.ACCESS_COARSE_LOCATION" /> <!-- 允许一个程序访问CellID或 WiFi热点来获取粗略的位置，登陆、设备添加等 -->
27-->src\main\AndroidManifest.xml:23:5-81
27-->src\main\AndroidManifest.xml:23:22-78
28    <uses-permission android:name="android.permission.ACCESS_FINE_LOCATION" /> <!-- 允许一个程序访问CellID或 WiFi热点来获取精确的位置，登陆、设备添加等？？？ -->
28-->src\main\AndroidManifest.xml:24:5-79
28-->src\main\AndroidManifest.xml:24:22-76
29    <uses-permission android:name="android.permission.ACCESS_LOCATION_EXTRA_COMMANDS" /> <!-- 允许应用程序访问额外的位置提供命令，登陆、设备添加等？？？ -->
29-->src\main\AndroidManifest.xml:25:5-89
29-->src\main\AndroidManifest.xml:25:22-86
30    <uses-permission android:name="android.permission.CHANGE_NETWORK_STATE" /> <!-- 允许程序改变网络状态,如是否联网，配网？？？ -->
30-->src\main\AndroidManifest.xml:26:5-79
30-->src\main\AndroidManifest.xml:26:22-76
31    <uses-permission android:name="android.permission.ACCESS_NETWORK_STATE" />
31-->src\main\AndroidManifest.xml:27:5-79
31-->src\main\AndroidManifest.xml:27:22-76
32    <uses-permission android:name="android.permission.REQUEST_INSTALL_PACKAGES" /> <!-- 允许应用程序请求安装包。针对API大于22必须持有该许可使用ACTION_INSTALL_PACKAGE应用。应该没在用？？？ -->
32-->src\main\AndroidManifest.xml:28:5-83
32-->src\main\AndroidManifest.xml:28:22-80
33    <uses-permission android:name="android.permission.VIBRATE" />
33-->src\main\AndroidManifest.xml:29:5-66
33-->src\main\AndroidManifest.xml:29:22-63
34
35    <application android:theme="@style/theme_appcompat" >
35-->src\main\AndroidManifest.xml:30:5-106:19
35-->src\main\AndroidManifest.xml:31:9-47
36        <service android:name="com.mm.android.deviceaddmodule.services.TimeFilterService" />
36-->src\main\AndroidManifest.xml:33:9-63
36-->src\main\AndroidManifest.xml:33:18-60
37
38        <receiver android:name="com.mm.android.deviceaddmodule.receiver.SucceedClickReceiver" />
38-->src\main\AndroidManifest.xml:35:9-67
38-->src\main\AndroidManifest.xml:35:19-64
39        <receiver android:name="com.mm.android.deviceaddmodule.receiver.TimeoutClickReceiver" />
39-->src\main\AndroidManifest.xml:36:9-67
39-->src\main\AndroidManifest.xml:36:19-64
40
41        <activity
41-->src\main\AndroidManifest.xml:38:9-44:67
42            android:name="com.mm.android.deviceaddmodule.DeviceAddActivity"
42-->src\main\AndroidManifest.xml:39:13-46
43            android:configChanges="orientation|keyboardHidden|screenSize|locale"
43-->src\main\AndroidManifest.xml:40:13-81
44            android:exported="false"
44-->src\main\AndroidManifest.xml:41:13-37
45            android:label="@string/mobile_common_device"
45-->src\main\AndroidManifest.xml:42:13-57
46            android:screenOrientation="portrait"
46-->src\main\AndroidManifest.xml:43:13-49
47            android:windowSoftInputMode="adjustPan|stateHidden" />
47-->src\main\AndroidManifest.xml:44:13-64
48        <activity
48-->src\main\AndroidManifest.xml:46:9-51:67
49            android:name="com.mm.android.deviceaddmodule.device_wifi.DeviceWifiListActivity"
49-->src\main\AndroidManifest.xml:47:13-63
50            android:configChanges="orientation|keyboardHidden|screenSize|locale"
50-->src\main\AndroidManifest.xml:48:13-81
51            android:exported="false"
51-->src\main\AndroidManifest.xml:49:13-37
52            android:screenOrientation="portrait"
52-->src\main\AndroidManifest.xml:50:13-49
53            android:windowSoftInputMode="adjustPan|stateHidden" />
53-->src\main\AndroidManifest.xml:51:13-64
54        <activity
54-->src\main\AndroidManifest.xml:52:9-58:67
55            android:name="com.mm.android.deviceaddmodule.device_wifi.DeviceWifiPasswordActivity"
55-->src\main\AndroidManifest.xml:53:13-67
56            android:configChanges="orientation|keyboardHidden|screenSize|locale"
56-->src\main\AndroidManifest.xml:54:13-81
57            android:exported="false"
57-->src\main\AndroidManifest.xml:55:13-37
58            android:screenOrientation="portrait"
58-->src\main\AndroidManifest.xml:56:13-49
59            android:theme="@style/AppTheme.NoActionBar"
59-->src\main\AndroidManifest.xml:57:13-56
60            android:windowSoftInputMode="adjustPan|stateHidden" />
60-->src\main\AndroidManifest.xml:58:13-64
61        <activity
61-->src\main\AndroidManifest.xml:59:9-65:67
62            android:name="com.mm.android.deviceaddmodule.device_wifi.ErrorTipActivity"
62-->src\main\AndroidManifest.xml:60:13-57
63            android:configChanges="orientation|keyboardHidden|screenSize|locale"
63-->src\main\AndroidManifest.xml:61:13-81
64            android:exported="false"
64-->src\main\AndroidManifest.xml:62:13-37
65            android:screenOrientation="portrait"
65-->src\main\AndroidManifest.xml:63:13-49
66            android:theme="@style/AppTheme.NoActionBar"
66-->src\main\AndroidManifest.xml:64:13-56
67            android:windowSoftInputMode="adjustPan|stateHidden" />
67-->src\main\AndroidManifest.xml:65:13-64
68        <activity
68-->src\main\AndroidManifest.xml:66:9-72:67
69            android:name="com.mm.android.deviceaddmodule.device_wifi.HiddenWifiActivity"
69-->src\main\AndroidManifest.xml:67:13-59
70            android:configChanges="orientation|keyboardHidden|screenSize|locale"
70-->src\main\AndroidManifest.xml:68:13-81
71            android:exported="false"
71-->src\main\AndroidManifest.xml:69:13-37
72            android:screenOrientation="portrait"
72-->src\main\AndroidManifest.xml:70:13-49
73            android:theme="@style/AppTheme.NoActionBar"
73-->src\main\AndroidManifest.xml:71:13-56
74            android:windowSoftInputMode="adjustPan|stateHidden" />
74-->src\main\AndroidManifest.xml:72:13-64
75
76        <service android:name="com.mm.android.deviceaddmodule.SeachDeviceService" />
76-->src\main\AndroidManifest.xml:74:9-55
76-->src\main\AndroidManifest.xml:74:18-52
77
78        <meta-data
78-->src\main\AndroidManifest.xml:76:9-79:15
79            android:name="meta-data4type"
79-->src\main\AndroidManifest.xml:77:13-42
80            android:value="@string/client_type" />
80-->src\main\AndroidManifest.xml:78:13-48
81        <meta-data
81-->src\main\AndroidManifest.xml:80:9-82:44
82            android:name="meta-data4host"
82-->src\main\AndroidManifest.xml:81:13-42
83            android:value="@string/host" />
83-->src\main\AndroidManifest.xml:82:13-41
84        <meta-data
84-->src\main\AndroidManifest.xml:83:9-85:37
85            android:name="meta-ishttps"
85-->src\main\AndroidManifest.xml:84:13-40
86            android:value="false" />
86-->src\main\AndroidManifest.xml:85:13-34
87
88        <provider
88-->src\main\AndroidManifest.xml:87:9-97:20
89            android:name="android.support.v4.content.FileProvider"
89-->src\main\AndroidManifest.xml:88:13-67
90            android:authorities="dollar_openBracket_applicationId_closeBracket.fileprovider"
90-->src\main\AndroidManifest.xml:89:13-64
91            android:exported="false"
91-->src\main\AndroidManifest.xml:90:13-37
92            android:grantUriPermissions="true" >
92-->src\main\AndroidManifest.xml:91:13-47
93            <meta-data
93-->src\main\AndroidManifest.xml:93:13-96:20
94                android:name="android.support.FILE_PROVIDER_PATHS"
94-->src\main\AndroidManifest.xml:94:17-67
95                android:resource="@xml/file_paths" />
95-->src\main\AndroidManifest.xml:95:17-51
96        </provider>
97
98        <activity
98-->src\main\AndroidManifest.xml:99:9-105:50
99            android:name="com.mm.android.deviceaddmodule.mobilecommon.base.ProgressActivity"
99-->src\main\AndroidManifest.xml:100:13-63
100            android:configChanges="orientation|keyboardHidden|screenSize|locale"
100-->src\main\AndroidManifest.xml:101:13-81
101            android:exported="false"
101-->src\main\AndroidManifest.xml:102:13-37
102            android:launchMode="singleInstance"
102-->src\main\AndroidManifest.xml:103:13-48
103            android:screenOrientation="portrait"
103-->src\main\AndroidManifest.xml:104:13-49
104            android:theme="@style/translucent" />
104-->src\main\AndroidManifest.xml:105:13-47
105    </application>
106
107</manifest>